<?xml version="1.0" encoding="UTF-8"?>
<coverage generated="1495425681839" clover="3.2.0">
  <project timestamp="1495425681840" name="All files">
    <metrics statements="229" coveredstatements="132" conditionals="79" coveredconditionals="33" methods="83" coveredmethods="25" elements="391" coveredelements="190" complexity="0" loc="229" ncloc="229" packages="7" files="20" classes="20">
      <package name="app.actions">
        <metrics statements="54" coveredstatements="41" conditionals="16" coveredconditionals="9" methods="25" coveredmethods="6"/>
        <file name="ShiftActions.js" path="/home/suyog/Projects/ReactNative/ShiftCare/app/actions/ShiftActions.js">
          <metrics statements="28" coveredstatements="18" conditionals="6" coveredconditionals="0" methods="13" coveredmethods="0"/>
          <line num="8" count="3" type="stmt"/>
          <line num="47" count="3" type="stmt"/>
          <line num="49" count="3" type="stmt"/>
          <line num="50" count="0" type="stmt"/>
          <line num="51" count="0" type="stmt"/>
          <line num="52" count="0" type="stmt"/>
          <line num="58" count="3" type="stmt"/>
          <line num="60" count="3" type="stmt"/>
          <line num="61" count="3" type="stmt"/>
          <line num="62" count="3" type="stmt"/>
          <line num="63" count="0" type="stmt"/>
          <line num="68" count="0" type="stmt"/>
          <line num="70" count="3" type="stmt"/>
          <line num="71" count="0" type="cond" truecount="0" falsecount="2"/>
          <line num="79" count="3" type="stmt"/>
          <line num="81" count="3" type="stmt"/>
          <line num="82" count="3" type="stmt"/>
          <line num="83" count="3" type="stmt"/>
          <line num="84" count="0" type="stmt"/>
          <line num="89" count="0" type="stmt"/>
          <line num="91" count="3" type="stmt"/>
          <line num="92" count="0" type="cond" truecount="0" falsecount="2"/>
          <line num="100" count="3" type="stmt"/>
          <line num="102" count="3" type="stmt"/>
          <line num="103" count="3" type="stmt"/>
          <line num="104" count="3" type="stmt"/>
          <line num="105" count="3" type="stmt"/>
          <line num="106" count="0" type="cond" truecount="0" falsecount="2"/>
        </file>
        <file name="UserActions.js" path="/home/suyog/Projects/ReactNative/ShiftCare/app/actions/UserActions.js">
          <metrics statements="17" coveredstatements="15" conditionals="4" coveredconditionals="4" methods="9" coveredmethods="3"/>
          <line num="10" count="4" type="stmt"/>
          <line num="12" count="4" type="stmt"/>
          <line num="13" count="0" type="stmt"/>
          <line num="21" count="4" type="stmt"/>
          <line num="22" count="0" type="stmt"/>
          <line num="30" count="4" type="stmt"/>
          <line num="31" count="4" type="stmt"/>
          <line num="33" count="4" type="stmt"/>
          <line num="34" count="4" type="stmt"/>
          <line num="35" count="4" type="cond" truecount="2" falsecount="0"/>
          <line num="36" count="2" type="stmt"/>
          <line num="39" count="2" type="stmt"/>
          <line num="55" count="4" type="stmt"/>
          <line num="57" count="4" type="stmt"/>
          <line num="58" count="4" type="stmt"/>
          <line num="59" count="4" type="stmt"/>
          <line num="60" count="4" type="stmt"/>
        </file>
        <file name="index.js" path="/home/suyog/Projects/ReactNative/ShiftCare/app/actions/index.js">
          <metrics statements="0" coveredstatements="0" conditionals="0" coveredconditionals="0" methods="0" coveredmethods="0"/>
        </file>
        <file name="lib.js" path="/home/suyog/Projects/ReactNative/ShiftCare/app/actions/lib.js">
          <metrics statements="9" coveredstatements="8" conditionals="6" coveredconditionals="5" methods="3" coveredmethods="3"/>
          <line num="3" count="10" type="cond" truecount="1" falsecount="1"/>
          <line num="4" count="0" type="stmt"/>
          <line num="7" count="10" type="stmt"/>
          <line num="18" count="16" type="stmt"/>
          <line num="21" count="4" type="stmt"/>
          <line num="22" count="4" type="stmt"/>
          <line num="23" count="4" type="stmt"/>
          <line num="24" count="4" type="stmt"/>
          <line num="25" count="4" type="stmt"/>
        </file>
      </package>
      <package name="app.constants">
        <metrics statements="7" coveredstatements="7" conditionals="10" coveredconditionals="5" methods="0" coveredmethods="0"/>
        <file name="ActionConstants.js" path="/home/suyog/Projects/ReactNative/ShiftCare/app/constants/ActionConstants.js">
          <metrics statements="4" coveredstatements="4" conditionals="0" coveredconditionals="0" methods="0" coveredmethods="0"/>
          <line num="3" count="4" type="stmt"/>
          <line num="4" count="4" type="stmt"/>
          <line num="6" count="4" type="stmt"/>
          <line num="13" count="4" type="stmt"/>
        </file>
        <file name="ConfigConstants.js" path="/home/suyog/Projects/ReactNative/ShiftCare/app/constants/ConfigConstants.js">
          <metrics statements="0" coveredstatements="0" conditionals="0" coveredconditionals="0" methods="0" coveredmethods="0"/>
        </file>
        <file name="NavConstants.js" path="/home/suyog/Projects/ReactNative/ShiftCare/app/constants/NavConstants.js">
          <metrics statements="2" coveredstatements="2" conditionals="0" coveredconditionals="0" methods="0" coveredmethods="0"/>
          <line num="3" count="4" type="stmt"/>
          <line num="4" count="4" type="stmt"/>
        </file>
        <file name="ThemeConstants.js" path="/home/suyog/Projects/ReactNative/ShiftCare/app/constants/ThemeConstants.js">
          <metrics statements="1" coveredstatements="1" conditionals="10" coveredconditionals="5" methods="0" coveredmethods="0"/>
          <line num="4" count="4" type="stmt"/>
        </file>
        <file name="index.js" path="/home/suyog/Projects/ReactNative/ShiftCare/app/constants/index.js">
          <metrics statements="0" coveredstatements="0" conditionals="0" coveredconditionals="0" methods="0" coveredmethods="0"/>
        </file>
      </package>
      <package name="app.containers">
        <metrics statements="28" coveredstatements="18" conditionals="10" coveredconditionals="7" methods="14" coveredmethods="9"/>
        <file name="LoginScene.js" path="/home/suyog/Projects/ReactNative/ShiftCare/app/containers/LoginScene.js">
          <metrics statements="28" coveredstatements="18" conditionals="10" coveredconditionals="7" methods="14" coveredmethods="9"/>
          <line num="10" count="2" type="stmt"/>
          <line num="11" count="2" type="stmt"/>
          <line num="69" count="2" type="stmt"/>
          <line num="74" count="8" type="stmt"/>
          <line num="84" count="0" type="stmt"/>
          <line num="85" count="0" type="cond" truecount="0" falsecount="2"/>
          <line num="86" count="0" type="stmt"/>
          <line num="88" count="0" type="stmt"/>
          <line num="89" count="0" type="stmt"/>
          <line num="93" count="0" type="stmt"/>
          <line num="94" count="0" type="stmt"/>
          <line num="95" count="0" type="stmt"/>
          <line num="99" count="0" type="stmt"/>
          <line num="105" count="3" type="stmt"/>
          <line num="110" count="3" type="stmt"/>
          <line num="113" count="14" type="cond" truecount="2" falsecount="0"/>
          <line num="114" count="13" type="stmt"/>
          <line num="116" count="1" type="stmt"/>
          <line num="123" count="14" type="cond" truecount="1" falsecount="1"/>
          <line num="124" count="14" type="stmt"/>
          <line num="127" count="0" type="stmt"/>
          <line num="137" count="14" type="stmt"/>
          <line num="138" count="16" type="stmt"/>
          <line num="139" count="14" type="stmt"/>
          <line num="191" count="4" type="stmt"/>
          <line num="192" count="4" type="stmt"/>
          <line num="196" count="14" type="stmt"/>
          <line num="202" count="2" type="stmt"/>
        </file>
      </package>
      <package name="app.lib">
        <metrics statements="67" coveredstatements="17" conditionals="27" coveredconditionals="3" methods="16" coveredmethods="5"/>
        <file name="KeyValueStore.js" path="/home/suyog/Projects/ReactNative/ShiftCare/app/lib/KeyValueStore.js">
          <metrics statements="23" coveredstatements="5" conditionals="4" coveredconditionals="2" methods="5" coveredmethods="2"/>
          <line num="11" count="2" type="stmt"/>
          <line num="17" count="2" type="cond" truecount="1" falsecount="1"/>
          <line num="18" count="2" type="stmt"/>
          <line num="20" count="2" type="stmt"/>
          <line num="29" count="2" type="cond" truecount="1" falsecount="1"/>
          <line num="35" count="0" type="stmt"/>
          <line num="36" count="0" type="stmt"/>
          <line num="37" count="0" type="stmt"/>
          <line num="38" count="0" type="stmt"/>
          <line num="39" count="0" type="stmt"/>
          <line num="41" count="0" type="stmt"/>
          <line num="42" count="0" type="stmt"/>
          <line num="47" count="0" type="stmt"/>
          <line num="48" count="0" type="stmt"/>
          <line num="49" count="0" type="stmt"/>
          <line num="50" count="0" type="stmt"/>
          <line num="52" count="0" type="stmt"/>
          <line num="53" count="0" type="stmt"/>
          <line num="58" count="0" type="stmt"/>
          <line num="59" count="0" type="stmt"/>
          <line num="60" count="0" type="stmt"/>
          <line num="62" count="0" type="stmt"/>
          <line num="63" count="0" type="stmt"/>
        </file>
        <file name="Logger.js" path="/home/suyog/Projects/ReactNative/ShiftCare/app/lib/Logger.js">
          <metrics statements="8" coveredstatements="7" conditionals="2" coveredconditionals="1" methods="6" coveredmethods="3"/>
          <line num="3" count="5" type="stmt"/>
          <line num="5" count="5" type="cond" truecount="1" falsecount="1"/>
          <line num="6" count="0" type="stmt"/>
          <line num="8" count="5" type="stmt"/>
          <line num="10" count="5" type="stmt"/>
          <line num="11" count="5" type="stmt"/>
          <line num="12" count="5" type="stmt"/>
          <line num="13" count="5" type="stmt"/>
        </file>
        <file name="fetchJSON.js" path="/home/suyog/Projects/ReactNative/ShiftCare/app/lib/fetchJSON.js">
          <metrics statements="36" coveredstatements="5" conditionals="21" coveredconditionals="0" methods="5" coveredmethods="0"/>
          <line num="6" count="1" type="cond" truecount="0" falsecount="1"/>
          <line num="14" count="0" type="stmt"/>
          <line num="15" count="0" type="stmt"/>
          <line num="22" count="0" type="stmt"/>
          <line num="32" count="0" type="cond" truecount="0" falsecount="2"/>
          <line num="33" count="0" type="stmt"/>
          <line num="34" count="0" type="cond" truecount="0" falsecount="2"/>
          <line num="35" count="0" type="stmt"/>
          <line num="37" count="0" type="stmt"/>
          <line num="41" count="0" type="cond" truecount="0" falsecount="2"/>
          <line num="42" count="0" type="stmt"/>
          <line num="43" count="0" type="cond" truecount="0" falsecount="2"/>
          <line num="44" count="0" type="stmt"/>
          <line num="48" count="0" type="stmt"/>
          <line num="49" count="0" type="cond" truecount="0" falsecount="4"/>
          <line num="50" count="0" type="stmt"/>
          <line num="51" count="0" type="stmt"/>
          <line num="52" count="0" type="stmt"/>
          <line num="55" count="0" type="stmt"/>
          <line num="56" count="0" type="cond" truecount="0" falsecount="2"/>
          <line num="57" count="0" type="stmt"/>
          <line num="59" count="0" type="cond" truecount="0" falsecount="2"/>
          <line num="60" count="0" type="stmt"/>
          <line num="63" count="0" type="stmt"/>
          <line num="64" count="0" type="stmt"/>
          <line num="65" count="0" type="stmt"/>
          <line num="67" count="0" type="stmt"/>
          <line num="68" count="0" type="stmt"/>
          <line num="72" count="1" type="stmt"/>
          <line num="73" count="0" type="stmt"/>
          <line num="79" count="1" type="stmt"/>
          <line num="80" count="0" type="stmt"/>
          <line num="86" count="1" type="stmt"/>
          <line num="87" count="0" type="stmt"/>
          <line num="93" count="1" type="stmt"/>
          <line num="94" count="0" type="stmt"/>
        </file>
      </package>
      <package name="app.sagas">
        <metrics statements="29" coveredstatements="14" conditionals="12" coveredconditionals="5" methods="4" coveredmethods="1"/>
        <file name="UserSagas.js" path="/home/suyog/Projects/ReactNative/ShiftCare/app/sagas/UserSagas.js">
          <metrics statements="29" coveredstatements="14" conditionals="12" coveredconditionals="5" methods="4" coveredmethods="1"/>
          <line num="11" count="1" type="stmt"/>
          <line num="14" count="0" type="stmt"/>
          <line num="16" count="0" type="stmt"/>
          <line num="20" count="0" type="cond" truecount="0" falsecount="2"/>
          <line num="21" count="0" type="stmt"/>
          <line num="33" count="2" type="stmt"/>
          <line num="36" count="2" type="stmt"/>
          <line num="38" count="2" type="stmt"/>
          <line num="39" count="2" type="stmt"/>
          <line num="40" count="2" type="stmt"/>
          <line num="46" count="1" type="stmt"/>
          <line num="56" count="1" type="stmt"/>
          <line num="62" count="1" type="cond" truecount="1" falsecount="1"/>
          <line num="63" count="0" type="stmt"/>
          <line num="65" count="1" type="cond" truecount="2" falsecount="2"/>
          <line num="66" count="0" type="stmt"/>
          <line num="68" count="0" type="stmt"/>
          <line num="71" count="1" type="cond" truecount="2" falsecount="2"/>
          <line num="72" count="0" type="stmt"/>
          <line num="74" count="1" type="stmt"/>
          <line num="75" count="1" type="stmt"/>
          <line num="80" count="2" type="stmt"/>
          <line num="84" count="0" type="stmt"/>
          <line num="87" count="0" type="stmt"/>
          <line num="88" count="0" type="stmt"/>
          <line num="92" count="0" type="stmt"/>
          <line num="93" count="0" type="stmt"/>
          <line num="95" count="0" type="stmt"/>
          <line num="99" count="0" type="stmt"/>
        </file>
      </package>
      <package name="app.selectors">
        <metrics statements="29" coveredstatements="24" conditionals="2" coveredconditionals="2" methods="18" coveredmethods="3"/>
        <file name="AppSelectors.js" path="/home/suyog/Projects/ReactNative/ShiftCare/app/selectors/AppSelectors.js">
          <metrics statements="4" coveredstatements="2" conditionals="0" coveredconditionals="0" methods="2" coveredmethods="0"/>
          <line num="6" count="2" type="stmt"/>
          <line num="8" count="0" type="stmt"/>
          <line num="11" count="2" type="stmt"/>
          <line num="13" count="0" type="stmt"/>
        </file>
        <file name="ShiftSelectors.js" path="/home/suyog/Projects/ReactNative/ShiftCare/app/selectors/ShiftSelectors.js">
          <metrics statements="12" coveredstatements="11" conditionals="2" coveredconditionals="2" methods="5" coveredmethods="3"/>
          <line num="5" count="3" type="stmt"/>
          <line num="7" count="3" type="stmt"/>
          <line num="9" count="1" type="stmt"/>
          <line num="10" count="4" type="stmt"/>
          <line num="11" count="4" type="stmt"/>
          <line num="12" count="4" type="cond" truecount="2" falsecount="0"/>
          <line num="13" count="2" type="stmt"/>
          <line num="15" count="2" type="stmt"/>
          <line num="17" count="4" type="stmt"/>
          <line num="21" count="3" type="stmt"/>
          <line num="23" count="0" type="stmt"/>
          <line num="26" count="3" type="stmt"/>
        </file>
        <file name="UserSelectors.js" path="/home/suyog/Projects/ReactNative/ShiftCare/app/selectors/UserSelectors.js">
          <metrics statements="13" coveredstatements="11" conditionals="0" coveredconditionals="0" methods="11" coveredmethods="0"/>
          <line num="5" count="2" type="stmt"/>
          <line num="6" count="2" type="stmt"/>
          <line num="7" count="2" type="stmt"/>
          <line num="8" count="2" type="stmt"/>
          <line num="9" count="2" type="stmt"/>
          <line num="10" count="2" type="stmt"/>
          <line num="13" count="2" type="stmt"/>
          <line num="15" count="0" type="stmt"/>
          <line num="17" count="2" type="stmt"/>
          <line num="18" count="2" type="stmt"/>
          <line num="19" count="2" type="stmt"/>
          <line num="20" count="2" type="stmt"/>
          <line num="24" count="0" type="stmt"/>
        </file>
        <file name="index.js" path="/home/suyog/Projects/ReactNative/ShiftCare/app/selectors/index.js">
          <metrics statements="0" coveredstatements="0" conditionals="0" coveredconditionals="0" methods="0" coveredmethods="0"/>
        </file>
      </package>
      <package name="test.test_config">
        <metrics statements="15" coveredstatements="11" conditionals="2" coveredconditionals="2" methods="6" coveredmethods="1"/>
        <file name="globalFetch.js" path="/home/suyog/Projects/ReactNative/ShiftCare/test/test_config/globalFetch.js">
          <metrics statements="7" coveredstatements="3" conditionals="0" coveredconditionals="0" methods="5" coveredmethods="0"/>
          <line num="2" count="8" type="stmt"/>
          <line num="5" count="8" type="stmt"/>
          <line num="6" count="0" type="stmt"/>
          <line num="7" count="0" type="stmt"/>
          <line num="12" count="8" type="stmt"/>
          <line num="13" count="0" type="stmt"/>
          <line num="14" count="0" type="stmt"/>
        </file>
        <file name="test-setup.js" path="/home/suyog/Projects/ReactNative/ShiftCare/test/test_config/test-setup.js">
          <metrics statements="8" coveredstatements="8" conditionals="2" coveredconditionals="2" methods="1" coveredmethods="1"/>
          <line num="3" count="8" type="stmt"/>
          <line num="4" count="8" type="stmt"/>
          <line num="6" count="8" type="stmt"/>
          <line num="7" count="8" type="stmt"/>
          <line num="8" count="8" type="stmt"/>
          <line num="9" count="8" type="stmt"/>
          <line num="10" count="648" type="cond" truecount="2" falsecount="0"/>
          <line num="11" count="512" type="stmt"/>
        </file>
      </package>
    </metrics>
  </project>
</coverage>
