{"/home/suyog/Projects/ReactNative/ShiftCare/app/actions/ShiftActions.js": {"path":"/home/suyog/Projects/ReactNative/ShiftCare/app/actions/ShiftActions.js","statementMap":{"0":{"start":{"line":8,"column":19},"end":{"line":45,"column":1}},"1":{"start":{"line":47,"column":23},"end":{"line":47,"column":43}},"2":{"start":{"line":49,"column":24},"end":{"line":53,"column":6}},"3":{"start":{"line":50,"column":17},"end":{"line":50,"column":20}},"4":{"start":{"line":51,"column":2},"end":{"line":51,"column":34}},"5":{"start":{"line":52,"column":2},"end":{"line":52,"column":15}},"6":{"start":{"line":58,"column":20},"end":{"line":58,"column":50}},"7":{"start":{"line":60,"column":35},"end":{"line":60,"column":77}},"8":{"start":{"line":60,"column":43},"end":{"line":60,"column":77}},"9":{"start":{"line":61,"column":35},"end":{"line":61,"column":77}},"10":{"start":{"line":61,"column":43},"end":{"line":61,"column":77}},"11":{"start":{"line":62,"column":35},"end":{"line":69,"column":1}},"12":{"start":{"line":63,"column":2},"end":{"line":67,"column":3}},"13":{"start":{"line":68,"column":2},"end":{"line":68,"column":50}},"14":{"start":{"line":70,"column":35},"end":{"line":74,"column":1}},"15":{"start":{"line":71,"column":2},"end":{"line":73,"column":73}},"16":{"start":{"line":79,"column":21},"end":{"line":79,"column":52}},"17":{"start":{"line":81,"column":36},"end":{"line":81,"column":79}},"18":{"start":{"line":81,"column":44},"end":{"line":81,"column":79}},"19":{"start":{"line":82,"column":36},"end":{"line":82,"column":79}},"20":{"start":{"line":82,"column":44},"end":{"line":82,"column":79}},"21":{"start":{"line":83,"column":36},"end":{"line":90,"column":1}},"22":{"start":{"line":84,"column":2},"end":{"line":88,"column":3}},"23":{"start":{"line":89,"column":2},"end":{"line":89,"column":51}},"24":{"start":{"line":91,"column":36},"end":{"line":95,"column":1}},"25":{"start":{"line":92,"column":2},"end":{"line":94,"column":74}},"26":{"start":{"line":100,"column":17},"end":{"line":100,"column":45}},"27":{"start":{"line":102,"column":33},"end":{"line":102,"column":62}},"28":{"start":{"line":102,"column":39},"end":{"line":102,"column":62}},"29":{"start":{"line":103,"column":33},"end":{"line":103,"column":62}},"30":{"start":{"line":103,"column":39},"end":{"line":103,"column":62}},"31":{"start":{"line":104,"column":33},"end":{"line":104,"column":80}},"32":{"start":{"line":104,"column":44},"end":{"line":104,"column":80}},"33":{"start":{"line":105,"column":33},"end":{"line":109,"column":1}},"34":{"start":{"line":106,"column":2},"end":{"line":108,"column":55}}},"fnMap":{"0":{"name":"(anonymous_0)","decl":{"start":{"line":49,"column":35},"end":{"line":49,"column":36}},"loc":{"start":{"line":49,"column":47},"end":{"line":53,"column":1}},"line":49},"1":{"name":"(anonymous_1)","decl":{"start":{"line":60,"column":35},"end":{"line":60,"column":36}},"loc":{"start":{"line":60,"column":43},"end":{"line":60,"column":77}},"line":60},"2":{"name":"(anonymous_2)","decl":{"start":{"line":61,"column":35},"end":{"line":61,"column":36}},"loc":{"start":{"line":61,"column":43},"end":{"line":61,"column":77}},"line":61},"3":{"name":"(anonymous_3)","decl":{"start":{"line":62,"column":35},"end":{"line":62,"column":36}},"loc":{"start":{"line":62,"column":50},"end":{"line":69,"column":1}},"line":62},"4":{"name":"(anonymous_4)","decl":{"start":{"line":70,"column":35},"end":{"line":70,"column":36}},"loc":{"start":{"line":71,"column":2},"end":{"line":73,"column":73}},"line":71},"5":{"name":"(anonymous_5)","decl":{"start":{"line":81,"column":36},"end":{"line":81,"column":37}},"loc":{"start":{"line":81,"column":44},"end":{"line":81,"column":79}},"line":81},"6":{"name":"(anonymous_6)","decl":{"start":{"line":82,"column":36},"end":{"line":82,"column":37}},"loc":{"start":{"line":82,"column":44},"end":{"line":82,"column":79}},"line":82},"7":{"name":"(anonymous_7)","decl":{"start":{"line":83,"column":36},"end":{"line":83,"column":37}},"loc":{"start":{"line":83,"column":51},"end":{"line":90,"column":1}},"line":83},"8":{"name":"(anonymous_8)","decl":{"start":{"line":91,"column":36},"end":{"line":91,"column":37}},"loc":{"start":{"line":92,"column":2},"end":{"line":94,"column":74}},"line":92},"9":{"name":"(anonymous_9)","decl":{"start":{"line":102,"column":33},"end":{"line":102,"column":34}},"loc":{"start":{"line":102,"column":39},"end":{"line":102,"column":62}},"line":102},"10":{"name":"(anonymous_10)","decl":{"start":{"line":103,"column":33},"end":{"line":103,"column":34}},"loc":{"start":{"line":103,"column":39},"end":{"line":103,"column":62}},"line":103},"11":{"name":"(anonymous_11)","decl":{"start":{"line":104,"column":33},"end":{"line":104,"column":34}},"loc":{"start":{"line":104,"column":44},"end":{"line":104,"column":80}},"line":104},"12":{"name":"(anonymous_12)","decl":{"start":{"line":105,"column":33},"end":{"line":105,"column":34}},"loc":{"start":{"line":106,"column":2},"end":{"line":108,"column":55}},"line":106}},"branchMap":{"0":{"loc":{"start":{"line":71,"column":2},"end":{"line":73,"column":73}},"type":"cond-expr","locations":[{"start":{"line":72,"column":6},"end":{"line":72,"column":62}},{"start":{"line":73,"column":6},"end":{"line":73,"column":73}}],"line":71},"1":{"loc":{"start":{"line":92,"column":2},"end":{"line":94,"column":74}},"type":"cond-expr","locations":[{"start":{"line":93,"column":6},"end":{"line":93,"column":62}},{"start":{"line":94,"column":6},"end":{"line":94,"column":74}}],"line":92},"2":{"loc":{"start":{"line":106,"column":2},"end":{"line":108,"column":55}},"type":"cond-expr","locations":[{"start":{"line":107,"column":6},"end":{"line":107,"column":40}},{"start":{"line":108,"column":6},"end":{"line":108,"column":55}}],"line":106}},"s":{"0":3,"1":3,"2":3,"3":0,"4":0,"5":0,"6":3,"7":3,"8":0,"9":3,"10":0,"11":3,"12":0,"13":0,"14":3,"15":0,"16":3,"17":3,"18":0,"19":3,"20":0,"21":3,"22":0,"23":0,"24":3,"25":0,"26":3,"27":3,"28":0,"29":3,"30":0,"31":3,"32":0,"33":3,"34":0},"f":{"0":0,"1":0,"2":0,"3":0,"4":0,"5":0,"6":0,"7":0,"8":0,"9":0,"10":0,"11":0,"12":0},"b":{"0":[0,0],"1":[0,0],"2":[0,0]},"_coverageSchema":"332fd63041d2c1bcb487cc26dd0d5f7d97098a6c","hash":"d135f7544be9f0cd44eb2cad505ed70ca9b74a34"}
,"/home/suyog/Projects/ReactNative/ShiftCare/app/actions/UserActions.js": {"path":"/home/suyog/Projects/ReactNative/ShiftCare/app/actions/UserActions.js","statementMap":{"0":{"start":{"line":10,"column":18},"end":{"line":10,"column":45}},"1":{"start":{"line":12,"column":37},"end":{"line":20,"column":1}},"2":{"start":{"line":13,"column":2},"end":{"line":19,"column":4}},"3":{"start":{"line":21,"column":28},"end":{"line":28,"column":1}},"4":{"start":{"line":22,"column":2},"end":{"line":27,"column":4}},"5":{"start":{"line":30,"column":28},"end":{"line":30,"column":58}},"6":{"start":{"line":30,"column":34},"end":{"line":30,"column":58}},"7":{"start":{"line":31,"column":28},"end":{"line":31,"column":76}},"8":{"start":{"line":31,"column":39},"end":{"line":31,"column":76}},"9":{"start":{"line":33,"column":28},"end":{"line":50,"column":1}},"10":{"start":{"line":34,"column":2},"end":{"line":34,"column":47}},"11":{"start":{"line":35,"column":2},"end":{"line":37,"column":3}},"12":{"start":{"line":36,"column":4},"end":{"line":36,"column":40}},"13":{"start":{"line":39,"column":2},"end":{"line":48,"column":4}},"14":{"start":{"line":55,"column":19},"end":{"line":55,"column":47}},"15":{"start":{"line":57,"column":29},"end":{"line":57,"column":60}},"16":{"start":{"line":57,"column":35},"end":{"line":57,"column":60}},"17":{"start":{"line":58,"column":29},"end":{"line":58,"column":60}},"18":{"start":{"line":58,"column":35},"end":{"line":58,"column":60}},"19":{"start":{"line":59,"column":29},"end":{"line":59,"column":78}},"20":{"start":{"line":59,"column":40},"end":{"line":59,"column":78}},"21":{"start":{"line":60,"column":29},"end":{"line":60,"column":60}},"22":{"start":{"line":60,"column":35},"end":{"line":60,"column":60}}},"fnMap":{"0":{"name":"(anonymous_0)","decl":{"start":{"line":12,"column":37},"end":{"line":12,"column":38}},"loc":{"start":{"line":13,"column":2},"end":{"line":19,"column":4}},"line":13},"1":{"name":"(anonymous_1)","decl":{"start":{"line":21,"column":28},"end":{"line":21,"column":29}},"loc":{"start":{"line":22,"column":2},"end":{"line":27,"column":4}},"line":22},"2":{"name":"(anonymous_2)","decl":{"start":{"line":30,"column":28},"end":{"line":30,"column":29}},"loc":{"start":{"line":30,"column":34},"end":{"line":30,"column":58}},"line":30},"3":{"name":"(anonymous_3)","decl":{"start":{"line":31,"column":28},"end":{"line":31,"column":29}},"loc":{"start":{"line":31,"column":39},"end":{"line":31,"column":76}},"line":31},"4":{"name":"(anonymous_4)","decl":{"start":{"line":33,"column":28},"end":{"line":33,"column":29}},"loc":{"start":{"line":33,"column":41},"end":{"line":50,"column":1}},"line":33},"5":{"name":"(anonymous_5)","decl":{"start":{"line":57,"column":29},"end":{"line":57,"column":30}},"loc":{"start":{"line":57,"column":35},"end":{"line":57,"column":60}},"line":57},"6":{"name":"(anonymous_6)","decl":{"start":{"line":58,"column":29},"end":{"line":58,"column":30}},"loc":{"start":{"line":58,"column":35},"end":{"line":58,"column":60}},"line":58},"7":{"name":"(anonymous_7)","decl":{"start":{"line":59,"column":29},"end":{"line":59,"column":30}},"loc":{"start":{"line":59,"column":40},"end":{"line":59,"column":78}},"line":59},"8":{"name":"(anonymous_8)","decl":{"start":{"line":60,"column":29},"end":{"line":60,"column":30}},"loc":{"start":{"line":60,"column":35},"end":{"line":60,"column":60}},"line":60}},"branchMap":{"0":{"loc":{"start":{"line":35,"column":2},"end":{"line":37,"column":3}},"type":"if","locations":[{"start":{"line":35,"column":2},"end":{"line":37,"column":3}},{"start":{"line":35,"column":2},"end":{"line":37,"column":3}}],"line":35},"1":{"loc":{"start":{"line":41,"column":12},"end":{"line":41,"column":81}},"type":"cond-expr","locations":[{"start":{"line":41,"column":29},"end":{"line":41,"column":47}},{"start":{"line":41,"column":50},"end":{"line":41,"column":81}}],"line":41}},"s":{"0":4,"1":4,"2":0,"3":4,"4":0,"5":4,"6":4,"7":4,"8":4,"9":4,"10":4,"11":4,"12":2,"13":2,"14":4,"15":4,"16":0,"17":4,"18":0,"19":4,"20":0,"21":4,"22":0},"f":{"0":0,"1":0,"2":4,"3":4,"4":4,"5":0,"6":0,"7":0,"8":0},"b":{"0":[2,2],"1":[1,1]},"_coverageSchema":"332fd63041d2c1bcb487cc26dd0d5f7d97098a6c","hash":"ab5a75b50c314862b9f9f69ca496ad253d500a6c"}
,"/home/suyog/Projects/ReactNative/ShiftCare/app/actions/index.js": {"path":"/home/suyog/Projects/ReactNative/ShiftCare/app/actions/index.js","statementMap":{},"fnMap":{},"branchMap":{},"s":{},"f":{},"b":{},"_coverageSchema":"332fd63041d2c1bcb487cc26dd0d5f7d97098a6c","hash":"9c574066fc80c82b8746a36fe6acf12ee91d6d35"}
,"/home/suyog/Projects/ReactNative/ShiftCare/app/actions/lib.js": {"path":"/home/suyog/Projects/ReactNative/ShiftCare/app/actions/lib.js","statementMap":{"0":{"start":{"line":3,"column":2},"end":{"line":5,"column":3}},"1":{"start":{"line":4,"column":4},"end":{"line":4,"column":58}},"2":{"start":{"line":7,"column":2},"end":{"line":14,"column":3}},"3":{"start":{"line":18,"column":2},"end":{"line":18,"column":78}},"4":{"start":{"line":18,"column":35},"end":{"line":18,"column":78}},"5":{"start":{"line":21,"column":22},"end":{"line":21,"column":34}},"6":{"start":{"line":22,"column":29},"end":{"line":22,"column":56}},"7":{"start":{"line":23,"column":29},"end":{"line":23,"column":56}},"8":{"start":{"line":24,"column":29},"end":{"line":24,"column":56}},"9":{"start":{"line":25,"column":29},"end":{"line":25,"column":56}}},"fnMap":{"0":{"name":"handleAction","decl":{"start":{"line":2,"column":9},"end":{"line":2,"column":21}},"loc":{"start":{"line":2,"column":45},"end":{"line":15,"column":1}},"line":2},"1":{"name":"handleActionType","decl":{"start":{"line":17,"column":9},"end":{"line":17,"column":25}},"loc":{"start":{"line":17,"column":36},"end":{"line":19,"column":1}},"line":17},"2":{"name":"(anonymous_2)","decl":{"start":{"line":18,"column":9},"end":{"line":18,"column":10}},"loc":{"start":{"line":18,"column":35},"end":{"line":18,"column":78}},"line":18}},"branchMap":{"0":{"loc":{"start":{"line":3,"column":2},"end":{"line":5,"column":3}},"type":"if","locations":[{"start":{"line":3,"column":2},"end":{"line":5,"column":3}},{"start":{"line":3,"column":2},"end":{"line":5,"column":3}}],"line":3},"1":{"loc":{"start":{"line":8,"column":11},"end":{"line":8,"column":22}},"type":"binary-expr","locations":[{"start":{"line":8,"column":11},"end":{"line":8,"column":16}},{"start":{"line":8,"column":20},"end":{"line":8,"column":22}}],"line":8},"2":{"loc":{"start":{"line":12,"column":13},"end":{"line":12,"column":26}},"type":"binary-expr","locations":[{"start":{"line":12,"column":13},"end":{"line":12,"column":20}},{"start":{"line":12,"column":24},"end":{"line":12,"column":26}}],"line":12}},"s":{"0":10,"1":0,"2":10,"3":16,"4":10,"5":4,"6":4,"7":4,"8":4,"9":4},"f":{"0":10,"1":16,"2":10},"b":{"0":[0,10],"1":[10,6],"2":[10,8]},"_coverageSchema":"332fd63041d2c1bcb487cc26dd0d5f7d97098a6c","hash":"aaa917cb235da78ce62732ddfe443080c85d1bc5"}
,"/home/suyog/Projects/ReactNative/ShiftCare/app/constants/ActionConstants.js": {"path":"/home/suyog/Projects/ReactNative/ShiftCare/app/constants/ActionConstants.js","statementMap":{"0":{"start":{"line":3,"column":13},"end":{"line":3,"column":16}},"1":{"start":{"line":4,"column":15},"end":{"line":4,"column":17}},"2":{"start":{"line":6,"column":14},"end":{"line":11,"column":1}},"3":{"start":{"line":13,"column":16},"end":{"line":25,"column":16}}},"fnMap":{},"branchMap":{},"s":{"0":4,"1":4,"2":4,"3":4},"f":{},"b":{},"_coverageSchema":"332fd63041d2c1bcb487cc26dd0d5f7d97098a6c","hash":"76e976672a9493c227673ba12cd58aa0f588adf2"}
,"/home/suyog/Projects/ReactNative/ShiftCare/app/constants/ConfigConstants.js": {"path":"/home/suyog/Projects/ReactNative/ShiftCare/app/constants/ConfigConstants.js","statementMap":{},"fnMap":{},"branchMap":{},"s":{},"f":{},"b":{},"_coverageSchema":"332fd63041d2c1bcb487cc26dd0d5f7d97098a6c","hash":"2336fbc0ae5752e50c9137e86268ea5e0a64481c"}
,"/home/suyog/Projects/ReactNative/ShiftCare/app/constants/NavConstants.js": {"path":"/home/suyog/Projects/ReactNative/ShiftCare/app/constants/NavConstants.js","statementMap":{"0":{"start":{"line":3,"column":13},"end":{"line":3,"column":16}},"1":{"start":{"line":4,"column":15},"end":{"line":4,"column":17}}},"fnMap":{},"branchMap":{},"s":{"0":4,"1":4},"f":{},"b":{},"_coverageSchema":"332fd63041d2c1bcb487cc26dd0d5f7d97098a6c","hash":"896bb76fce262b73faa5dd5019c02effee96cb30"}
,"/home/suyog/Projects/ReactNative/ShiftCare/app/constants/ThemeConstants.js": {"path":"/home/suyog/Projects/ReactNative/ShiftCare/app/constants/ThemeConstants.js","statementMap":{"0":{"start":{"line":4,"column":16},"end":{"line":4,"column":20}}},"fnMap":{},"branchMap":{"0":{"loc":{"start":{"line":27,"column":16},"end":{"line":27,"column":33}},"type":"cond-expr","locations":[{"start":{"line":27,"column":26},"end":{"line":27,"column":28}},{"start":{"line":27,"column":31},"end":{"line":27,"column":33}}],"line":27},"1":{"loc":{"start":{"line":28,"column":16},"end":{"line":28,"column":33}},"type":"cond-expr","locations":[{"start":{"line":28,"column":26},"end":{"line":28,"column":28}},{"start":{"line":28,"column":31},"end":{"line":28,"column":33}}],"line":28},"2":{"loc":{"start":{"line":29,"column":16},"end":{"line":29,"column":33}},"type":"cond-expr","locations":[{"start":{"line":29,"column":26},"end":{"line":29,"column":28}},{"start":{"line":29,"column":31},"end":{"line":29,"column":33}}],"line":29},"3":{"loc":{"start":{"line":30,"column":17},"end":{"line":30,"column":34}},"type":"cond-expr","locations":[{"start":{"line":30,"column":27},"end":{"line":30,"column":29}},{"start":{"line":30,"column":32},"end":{"line":30,"column":34}}],"line":30},"4":{"loc":{"start":{"line":31,"column":15},"end":{"line":31,"column":32}},"type":"cond-expr","locations":[{"start":{"line":31,"column":25},"end":{"line":31,"column":27}},{"start":{"line":31,"column":30},"end":{"line":31,"column":32}}],"line":31}},"s":{"0":4},"f":{},"b":{"0":[4,0],"1":[4,0],"2":[4,0],"3":[4,0],"4":[4,0]},"_coverageSchema":"332fd63041d2c1bcb487cc26dd0d5f7d97098a6c","hash":"0f4ccf356083982043d087034941fd23220218b8"}
,"/home/suyog/Projects/ReactNative/ShiftCare/app/constants/index.js": {"path":"/home/suyog/Projects/ReactNative/ShiftCare/app/constants/index.js","statementMap":{},"fnMap":{},"branchMap":{},"s":{},"f":{},"b":{},"_coverageSchema":"332fd63041d2c1bcb487cc26dd0d5f7d97098a6c","hash":"382a1d595a8e3d14bdd612c5a824d68a976e7e66"}
,"/home/suyog/Projects/ReactNative/ShiftCare/app/containers/LoginScene.js": {"path":"/home/suyog/Projects/ReactNative/ShiftCare/app/containers/LoginScene.js","statementMap":{"0":{"start":{"line":10,"column":21},"end":{"line":10,"column":52}},"1":{"start":{"line":11,"column":15},"end":{"line":67,"column":2}},"2":{"start":{"line":69,"column":13},"end":{"line":69,"column":48}},"3":{"start":{"line":74,"column":4},"end":{"line":74,"column":12}},"4":{"start":{"line":84,"column":32},"end":{"line":84,"column":42}},"5":{"start":{"line":85,"column":4},"end":{"line":87,"column":5}},"6":{"start":{"line":86,"column":6},"end":{"line":86,"column":13}},"7":{"start":{"line":88,"column":19},"end":{"line":88,"column":61}},"8":{"start":{"line":89,"column":4},"end":{"line":89,"column":31}},"9":{"start":{"line":93,"column":19},"end":{"line":93,"column":66}},"10":{"start":{"line":94,"column":23},"end":{"line":94,"column":63}},"11":{"start":{"line":94,"column":53},"end":{"line":94,"column":62}},"12":{"start":{"line":95,"column":4},"end":{"line":95,"column":23}},"13":{"start":{"line":99,"column":4},"end":{"line":99,"column":15}},"14":{"start":{"line":105,"column":4},"end":{"line":105,"column":31}},"15":{"start":{"line":110,"column":4},"end":{"line":110,"column":34}},"16":{"start":{"line":113,"column":5},"end":{"line":115,"column":6}},"17":{"start":{"line":114,"column":6},"end":{"line":114,"column":17}},"18":{"start":{"line":116,"column":5},"end":{"line":119,"column":5}},"19":{"start":{"line":123,"column":4},"end":{"line":125,"column":5}},"20":{"start":{"line":124,"column":6},"end":{"line":124,"column":30}},"21":{"start":{"line":127,"column":4},"end":{"line":133,"column":5}},"22":{"start":{"line":137,"column":19},"end":{"line":137,"column":66}},"23":{"start":{"line":138,"column":23},"end":{"line":138,"column":63}},"24":{"start":{"line":138,"column":53},"end":{"line":138,"column":62}},"25":{"start":{"line":139,"column":4},"end":{"line":185,"column":5}},"26":{"start":{"line":191,"column":13},"end":{"line":191,"column":165}},"27":{"start":{"line":192,"column":4},"end":{"line":192,"column":26}},"28":{"start":{"line":196,"column":2},"end":{"line":199,"column":4}},"29":{"start":{"line":202,"column":24},"end":{"line":206,"column":2}},"30":{"start":{"line":202,"column":36},"end":{"line":206,"column":1}}},"fnMap":{"0":{"name":"(anonymous_0)","decl":{"start":{"line":73,"column":2},"end":{"line":73,"column":3}},"loc":{"start":{"line":73,"column":16},"end":{"line":75,"column":3}},"line":73},"1":{"name":"(anonymous_1)","decl":{"start":{"line":83,"column":2},"end":{"line":83,"column":3}},"loc":{"start":{"line":83,"column":13},"end":{"line":90,"column":3}},"line":83},"2":{"name":"(anonymous_2)","decl":{"start":{"line":92,"column":2},"end":{"line":92,"column":3}},"loc":{"start":{"line":92,"column":19},"end":{"line":96,"column":3}},"line":92},"3":{"name":"(anonymous_3)","decl":{"start":{"line":94,"column":48},"end":{"line":94,"column":49}},"loc":{"start":{"line":94,"column":53},"end":{"line":94,"column":62}},"line":94},"4":{"name":"(anonymous_4)","decl":{"start":{"line":98,"column":2},"end":{"line":98,"column":3}},"loc":{"start":{"line":98,"column":16},"end":{"line":100,"column":3}},"line":98},"5":{"name":"(anonymous_5)","decl":{"start":{"line":104,"column":2},"end":{"line":104,"column":3}},"loc":{"start":{"line":104,"column":20},"end":{"line":106,"column":3}},"line":104},"6":{"name":"(anonymous_6)","decl":{"start":{"line":109,"column":2},"end":{"line":109,"column":3}},"loc":{"start":{"line":109,"column":23},"end":{"line":111,"column":3}},"line":109},"7":{"name":"(anonymous_7)","decl":{"start":{"line":112,"column":2},"end":{"line":112,"column":3}},"loc":{"start":{"line":112,"column":14},"end":{"line":120,"column":3}},"line":112},"8":{"name":"(anonymous_8)","decl":{"start":{"line":122,"column":2},"end":{"line":122,"column":3}},"loc":{"start":{"line":122,"column":17},"end":{"line":134,"column":3}},"line":122},"9":{"name":"(anonymous_9)","decl":{"start":{"line":136,"column":2},"end":{"line":136,"column":3}},"loc":{"start":{"line":136,"column":12},"end":{"line":186,"column":3}},"line":136},"10":{"name":"(anonymous_10)","decl":{"start":{"line":138,"column":48},"end":{"line":138,"column":49}},"loc":{"start":{"line":138,"column":53},"end":{"line":138,"column":62}},"line":138},"11":{"name":"validateEmail","decl":{"start":{"line":190,"column":9},"end":{"line":190,"column":22}},"loc":{"start":{"line":190,"column":29},"end":{"line":193,"column":1}},"line":190},"12":{"name":"validate","decl":{"start":{"line":194,"column":9},"end":{"line":194,"column":17}},"loc":{"start":{"line":194,"column":35},"end":{"line":200,"column":1}},"line":194},"13":{"name":"(anonymous_13)","decl":{"start":{"line":202,"column":24},"end":{"line":202,"column":25}},"loc":{"start":{"line":202,"column":36},"end":{"line":206,"column":1}},"line":202}},"branchMap":{"0":{"loc":{"start":{"line":85,"column":4},"end":{"line":87,"column":5}},"type":"if","locations":[{"start":{"line":85,"column":4},"end":{"line":87,"column":5}},{"start":{"line":85,"column":4},"end":{"line":87,"column":5}}],"line":85},"1":{"loc":{"start":{"line":113,"column":5},"end":{"line":115,"column":6}},"type":"if","locations":[{"start":{"line":113,"column":5},"end":{"line":115,"column":6}},{"start":{"line":113,"column":5},"end":{"line":115,"column":6}}],"line":113},"2":{"loc":{"start":{"line":123,"column":4},"end":{"line":125,"column":5}},"type":"if","locations":[{"start":{"line":123,"column":4},"end":{"line":125,"column":5}},{"start":{"line":123,"column":4},"end":{"line":125,"column":5}}],"line":123},"3":{"loc":{"start":{"line":175,"column":75},"end":{"line":175,"column":104}},"type":"binary-expr","locations":[{"start":{"line":175,"column":75},"end":{"line":175,"column":90}},{"start":{"line":175,"column":94},"end":{"line":175,"column":104}}],"line":175},"4":{"loc":{"start":{"line":197,"column":11},"end":{"line":197,"column":55}},"type":"binary-expr","locations":[{"start":{"line":197,"column":11},"end":{"line":197,"column":29}},{"start":{"line":197,"column":34},"end":{"line":197,"column":55}}],"line":197}},"s":{"0":2,"1":2,"2":2,"3":8,"4":0,"5":0,"6":0,"7":0,"8":0,"9":0,"10":0,"11":0,"12":0,"13":0,"14":3,"15":3,"16":14,"17":13,"18":1,"19":14,"20":14,"21":0,"22":14,"23":14,"24":16,"25":14,"26":4,"27":4,"28":14,"29":2,"30":0},"f":{"0":8,"1":0,"2":0,"3":0,"4":0,"5":3,"6":3,"7":14,"8":14,"9":14,"10":16,"11":4,"12":14,"13":0},"b":{"0":[0,0],"1":[13,1],"2":[14,0],"3":[14,13],"4":[14,4]},"_coverageSchema":"332fd63041d2c1bcb487cc26dd0d5f7d97098a6c","hash":"e704938e5e4802442546bd8e25e846031ea83e75"}
,"/home/suyog/Projects/ReactNative/ShiftCare/app/lib/KeyValueStore.js": {"path":"/home/suyog/Projects/ReactNative/ShiftCare/app/lib/KeyValueStore.js","statementMap":{"0":{"start":{"line":11,"column":15},"end":{"line":11,"column":19}},"1":{"start":{"line":17,"column":4},"end":{"line":19,"column":5}},"2":{"start":{"line":18,"column":6},"end":{"line":18,"column":21}},"3":{"start":{"line":20,"column":4},"end":{"line":20,"column":19}},"4":{"start":{"line":29,"column":26},"end":{"line":29,"column":39}},"5":{"start":{"line":35,"column":4},"end":{"line":43,"column":5}},"6":{"start":{"line":36,"column":22},"end":{"line":36,"column":69}},"7":{"start":{"line":37,"column":19},"end":{"line":37,"column":45}},"8":{"start":{"line":38,"column":6},"end":{"line":38,"column":67}},"9":{"start":{"line":39,"column":6},"end":{"line":39,"column":17}},"10":{"start":{"line":41,"column":6},"end":{"line":41,"column":57}},"11":{"start":{"line":42,"column":6},"end":{"line":42,"column":15}},"12":{"start":{"line":47,"column":4},"end":{"line":54,"column":5}},"13":{"start":{"line":48,"column":22},"end":{"line":48,"column":45}},"14":{"start":{"line":49,"column":6},"end":{"line":49,"column":42}},"15":{"start":{"line":50,"column":6},"end":{"line":50,"column":59}},"16":{"start":{"line":52,"column":6},"end":{"line":52,"column":57}},"17":{"start":{"line":53,"column":6},"end":{"line":53,"column":15}},"18":{"start":{"line":58,"column":4},"end":{"line":64,"column":5}},"19":{"start":{"line":59,"column":6},"end":{"line":59,"column":42}},"20":{"start":{"line":60,"column":6},"end":{"line":60,"column":64}},"21":{"start":{"line":62,"column":6},"end":{"line":62,"column":60}},"22":{"start":{"line":63,"column":6},"end":{"line":63,"column":15}}},"fnMap":{"0":{"name":"(anonymous_0)","decl":{"start":{"line":16,"column":2},"end":{"line":16,"column":3}},"loc":{"start":{"line":16,"column":17},"end":{"line":21,"column":3}},"line":16},"1":{"name":"(anonymous_1)","decl":{"start":{"line":29,"column":18},"end":{"line":29,"column":19}},"loc":{"start":{"line":29,"column":26},"end":{"line":29,"column":39}},"line":29},"2":{"name":"(anonymous_2)","decl":{"start":{"line":34,"column":2},"end":{"line":34,"column":3}},"loc":{"start":{"line":34,"column":24},"end":{"line":44,"column":3}},"line":34},"3":{"name":"(anonymous_3)","decl":{"start":{"line":46,"column":2},"end":{"line":46,"column":3}},"loc":{"start":{"line":46,"column":24},"end":{"line":55,"column":3}},"line":46},"4":{"name":"(anonymous_4)","decl":{"start":{"line":57,"column":2},"end":{"line":57,"column":3}},"loc":{"start":{"line":57,"column":27},"end":{"line":65,"column":3}},"line":57}},"branchMap":{"0":{"loc":{"start":{"line":17,"column":4},"end":{"line":19,"column":5}},"type":"if","locations":[{"start":{"line":17,"column":4},"end":{"line":19,"column":5}},{"start":{"line":17,"column":4},"end":{"line":19,"column":5}}],"line":17},"1":{"loc":{"start":{"line":29,"column":26},"end":{"line":29,"column":39}},"type":"cond-expr","locations":[{"start":{"line":29,"column":31},"end":{"line":29,"column":35}},{"start":{"line":29,"column":38},"end":{"line":29,"column":39}}],"line":29}},"s":{"0":2,"1":2,"2":2,"3":2,"4":2,"5":0,"6":0,"7":0,"8":0,"9":0,"10":0,"11":0,"12":0,"13":0,"14":0,"15":0,"16":0,"17":0,"18":0,"19":0,"20":0,"21":0,"22":0},"f":{"0":2,"1":2,"2":0,"3":0,"4":0},"b":{"0":[2,0],"1":[0,2]},"_coverageSchema":"332fd63041d2c1bcb487cc26dd0d5f7d97098a6c","hash":"6966188246efda2843bf771cf0095b3c1b4446df"}
,"/home/suyog/Projects/ReactNative/ShiftCare/app/lib/Logger.js": {"path":"/home/suyog/Projects/ReactNative/ShiftCare/app/lib/Logger.js","statementMap":{"0":{"start":{"line":3,"column":15},"end":{"line":3,"column":17}},"1":{"start":{"line":5,"column":0},"end":{"line":9,"column":1}},"2":{"start":{"line":6,"column":2},"end":{"line":6,"column":52}},"3":{"start":{"line":6,"column":30},"end":{"line":6,"column":52}},"4":{"start":{"line":8,"column":2},"end":{"line":8,"column":25}},"5":{"start":{"line":10,"column":0},"end":{"line":10,"column":46}},"6":{"start":{"line":10,"column":26},"end":{"line":10,"column":46}},"7":{"start":{"line":11,"column":0},"end":{"line":11,"column":48}},"8":{"start":{"line":11,"column":27},"end":{"line":11,"column":48}},"9":{"start":{"line":12,"column":0},"end":{"line":12,"column":48}},"10":{"start":{"line":12,"column":27},"end":{"line":12,"column":48}},"11":{"start":{"line":13,"column":0},"end":{"line":13,"column":50}},"12":{"start":{"line":13,"column":28},"end":{"line":13,"column":50}}},"fnMap":{"0":{"name":"(anonymous_0)","decl":{"start":{"line":6,"column":17},"end":{"line":6,"column":18}},"loc":{"start":{"line":6,"column":30},"end":{"line":6,"column":52}},"line":6},"1":{"name":"(anonymous_1)","decl":{"start":{"line":8,"column":17},"end":{"line":8,"column":18}},"loc":{"start":{"line":8,"column":23},"end":{"line":8,"column":25}},"line":8},"2":{"name":"(anonymous_2)","decl":{"start":{"line":10,"column":13},"end":{"line":10,"column":14}},"loc":{"start":{"line":10,"column":26},"end":{"line":10,"column":46}},"line":10},"3":{"name":"(anonymous_3)","decl":{"start":{"line":11,"column":14},"end":{"line":11,"column":15}},"loc":{"start":{"line":11,"column":27},"end":{"line":11,"column":48}},"line":11},"4":{"name":"(anonymous_4)","decl":{"start":{"line":12,"column":14},"end":{"line":12,"column":15}},"loc":{"start":{"line":12,"column":27},"end":{"line":12,"column":48}},"line":12},"5":{"name":"(anonymous_5)","decl":{"start":{"line":13,"column":15},"end":{"line":13,"column":16}},"loc":{"start":{"line":13,"column":28},"end":{"line":13,"column":50}},"line":13}},"branchMap":{"0":{"loc":{"start":{"line":5,"column":0},"end":{"line":9,"column":1}},"type":"if","locations":[{"start":{"line":5,"column":0},"end":{"line":9,"column":1}},{"start":{"line":5,"column":0},"end":{"line":9,"column":1}}],"line":5}},"s":{"0":5,"1":5,"2":0,"3":0,"4":5,"5":5,"6":0,"7":5,"8":2,"9":5,"10":1,"11":5,"12":0},"f":{"0":0,"1":4,"2":0,"3":2,"4":1,"5":0},"b":{"0":[0,5]},"_coverageSchema":"332fd63041d2c1bcb487cc26dd0d5f7d97098a6c","hash":"9d48d54c254c4be05756a7b32b7ac515d3d58840"}
,"/home/suyog/Projects/ReactNative/ShiftCare/app/lib/fetchJSON.js": {"path":"/home/suyog/Projects/ReactNative/ShiftCare/app/lib/fetchJSON.js","statementMap":{"0":{"start":{"line":6,"column":18},"end":{"line":70,"column":1}},"1":{"start":{"line":14,"column":2},"end":{"line":69,"column":3}},"2":{"start":{"line":15,"column":4},"end":{"line":15,"column":63}},"3":{"start":{"line":22,"column":20},"end":{"line":30,"column":5}},"4":{"start":{"line":32,"column":4},"end":{"line":39,"column":5}},"5":{"start":{"line":33,"column":6},"end":{"line":33,"column":51}},"6":{"start":{"line":34,"column":6},"end":{"line":38,"column":7}},"7":{"start":{"line":35,"column":8},"end":{"line":35,"column":46}},"8":{"start":{"line":37,"column":8},"end":{"line":37,"column":30}},"9":{"start":{"line":41,"column":4},"end":{"line":45,"column":5}},"10":{"start":{"line":42,"column":6},"end":{"line":42,"column":59}},"11":{"start":{"line":43,"column":11},"end":{"line":45,"column":5}},"12":{"start":{"line":44,"column":6},"end":{"line":44,"column":61}},"13":{"start":{"line":48,"column":21},"end":{"line":48,"column":46}},"14":{"start":{"line":49,"column":4},"end":{"line":53,"column":5}},"15":{"start":{"line":50,"column":19},"end":{"line":50,"column":40}},"16":{"start":{"line":51,"column":6},"end":{"line":51,"column":68}},"17":{"start":{"line":52,"column":6},"end":{"line":52,"column":17}},"18":{"start":{"line":55,"column":23},"end":{"line":55,"column":48}},"19":{"start":{"line":56,"column":4},"end":{"line":58,"column":5}},"20":{"start":{"line":57,"column":6},"end":{"line":57,"column":48}},"21":{"start":{"line":59,"column":4},"end":{"line":61,"column":5}},"22":{"start":{"line":60,"column":6},"end":{"line":60,"column":47}},"23":{"start":{"line":63,"column":18},"end":{"line":63,"column":41}},"24":{"start":{"line":64,"column":4},"end":{"line":64,"column":29}},"25":{"start":{"line":65,"column":4},"end":{"line":65,"column":15}},"26":{"start":{"line":67,"column":4},"end":{"line":67,"column":88}},"27":{"start":{"line":68,"column":4},"end":{"line":68,"column":13}},"28":{"start":{"line":72,"column":0},"end":{"line":77,"column":1}},"29":{"start":{"line":73,"column":2},"end":{"line":76,"column":4}},"30":{"start":{"line":79,"column":0},"end":{"line":84,"column":1}},"31":{"start":{"line":80,"column":2},"end":{"line":83,"column":4}},"32":{"start":{"line":86,"column":0},"end":{"line":91,"column":1}},"33":{"start":{"line":87,"column":2},"end":{"line":90,"column":4}},"34":{"start":{"line":93,"column":0},"end":{"line":98,"column":1}},"35":{"start":{"line":94,"column":2},"end":{"line":97,"column":4}}},"fnMap":{"0":{"name":"fetchJSON","decl":{"start":{"line":6,"column":33},"end":{"line":6,"column":42}},"loc":{"start":{"line":13,"column":8},"end":{"line":70,"column":1}},"line":13},"1":{"name":"getJSON","decl":{"start":{"line":72,"column":31},"end":{"line":72,"column":38}},"loc":{"start":{"line":72,"column":54},"end":{"line":77,"column":1}},"line":72},"2":{"name":"patchJSON","decl":{"start":{"line":79,"column":33},"end":{"line":79,"column":42}},"loc":{"start":{"line":79,"column":58},"end":{"line":84,"column":1}},"line":79},"3":{"name":"postJSON","decl":{"start":{"line":86,"column":32},"end":{"line":86,"column":40}},"loc":{"start":{"line":86,"column":56},"end":{"line":91,"column":1}},"line":86},"4":{"name":"putJSON","decl":{"start":{"line":93,"column":31},"end":{"line":93,"column":38}},"loc":{"start":{"line":93,"column":54},"end":{"line":98,"column":1}},"line":93}},"branchMap":{"0":{"loc":{"start":{"line":6,"column":49},"end":{"line":13,"column":6}},"type":"default-arg","locations":[{"start":{"line":13,"column":4},"end":{"line":13,"column":6}}],"line":6},"1":{"loc":{"start":{"line":7,"column":4},"end":{"line":7,"column":36}},"type":"default-arg","locations":[{"start":{"line":7,"column":18},"end":{"line":7,"column":36}}],"line":7},"2":{"loc":{"start":{"line":8,"column":4},"end":{"line":8,"column":18}},"type":"default-arg","locations":[{"start":{"line":8,"column":13},"end":{"line":8,"column":18}}],"line":8},"3":{"loc":{"start":{"line":9,"column":4},"end":{"line":9,"column":18}},"type":"default-arg","locations":[{"start":{"line":9,"column":14},"end":{"line":9,"column":18}}],"line":9},"4":{"loc":{"start":{"line":10,"column":4},"end":{"line":10,"column":19}},"type":"default-arg","locations":[{"start":{"line":10,"column":14},"end":{"line":10,"column":19}}],"line":10},"5":{"loc":{"start":{"line":32,"column":4},"end":{"line":39,"column":5}},"type":"if","locations":[{"start":{"line":32,"column":4},"end":{"line":39,"column":5}},{"start":{"line":32,"column":4},"end":{"line":39,"column":5}}],"line":32},"6":{"loc":{"start":{"line":34,"column":6},"end":{"line":38,"column":7}},"type":"if","locations":[{"start":{"line":34,"column":6},"end":{"line":38,"column":7}},{"start":{"line":34,"column":6},"end":{"line":38,"column":7}}],"line":34},"7":{"loc":{"start":{"line":41,"column":4},"end":{"line":45,"column":5}},"type":"if","locations":[{"start":{"line":41,"column":4},"end":{"line":45,"column":5}},{"start":{"line":41,"column":4},"end":{"line":45,"column":5}}],"line":41},"8":{"loc":{"start":{"line":43,"column":11},"end":{"line":45,"column":5}},"type":"if","locations":[{"start":{"line":43,"column":11},"end":{"line":45,"column":5}},{"start":{"line":43,"column":11},"end":{"line":45,"column":5}}],"line":43},"9":{"loc":{"start":{"line":49,"column":4},"end":{"line":53,"column":5}},"type":"if","locations":[{"start":{"line":49,"column":4},"end":{"line":53,"column":5}},{"start":{"line":49,"column":4},"end":{"line":53,"column":5}}],"line":49},"10":{"loc":{"start":{"line":49,"column":8},"end":{"line":49,"column":55}},"type":"binary-expr","locations":[{"start":{"line":49,"column":8},"end":{"line":49,"column":30}},{"start":{"line":49,"column":34},"end":{"line":49,"column":55}}],"line":49},"11":{"loc":{"start":{"line":56,"column":4},"end":{"line":58,"column":5}},"type":"if","locations":[{"start":{"line":56,"column":4},"end":{"line":58,"column":5}},{"start":{"line":56,"column":4},"end":{"line":58,"column":5}}],"line":56},"12":{"loc":{"start":{"line":59,"column":4},"end":{"line":61,"column":5}},"type":"if","locations":[{"start":{"line":59,"column":4},"end":{"line":61,"column":5}},{"start":{"line":59,"column":4},"end":{"line":61,"column":5}}],"line":59}},"s":{"0":1,"1":0,"2":0,"3":0,"4":0,"5":0,"6":0,"7":0,"8":0,"9":0,"10":0,"11":0,"12":0,"13":0,"14":0,"15":0,"16":0,"17":0,"18":0,"19":0,"20":0,"21":0,"22":0,"23":0,"24":0,"25":0,"26":0,"27":0,"28":1,"29":0,"30":1,"31":0,"32":1,"33":0,"34":1,"35":0},"f":{"0":0,"1":0,"2":0,"3":0,"4":0},"b":{"0":[0],"1":[0],"2":[0],"3":[0],"4":[0],"5":[0,0],"6":[0,0],"7":[0,0],"8":[0,0],"9":[0,0],"10":[0,0],"11":[0,0],"12":[0,0]},"_coverageSchema":"332fd63041d2c1bcb487cc26dd0d5f7d97098a6c","hash":"ebbd79dd1e84df0931b8134aa9d350b7a8c0c14c"}
,"/home/suyog/Projects/ReactNative/ShiftCare/app/sagas/UserSagas.js": {"path":"/home/suyog/Projects/ReactNative/ShiftCare/app/sagas/UserSagas.js","statementMap":{"0":{"start":{"line":11,"column":12},"end":{"line":11,"column":42}},"1":{"start":{"line":14,"column":2},"end":{"line":14,"column":37}},"2":{"start":{"line":16,"column":18},"end":{"line":18,"column":4}},"3":{"start":{"line":20,"column":2},"end":{"line":29,"column":3}},"4":{"start":{"line":21,"column":4},"end":{"line":21,"column":58}},"5":{"start":{"line":33,"column":2},"end":{"line":33,"column":32}},"6":{"start":{"line":36,"column":2},"end":{"line":36,"column":40}},"7":{"start":{"line":38,"column":2},"end":{"line":77,"column":3}},"8":{"start":{"line":39,"column":20},"end":{"line":39,"column":34}},"9":{"start":{"line":40,"column":17},"end":{"line":45,"column":5}},"10":{"start":{"line":46,"column":4},"end":{"line":46,"column":50}},"11":{"start":{"line":56,"column":4},"end":{"line":58,"column":6}},"12":{"start":{"line":62,"column":4},"end":{"line":76,"column":5}},"13":{"start":{"line":63,"column":6},"end":{"line":63,"column":47}},"14":{"start":{"line":65,"column":9},"end":{"line":76,"column":5}},"15":{"start":{"line":66,"column":6},"end":{"line":66,"column":79}},"16":{"start":{"line":68,"column":6},"end":{"line":70,"column":8}},"17":{"start":{"line":71,"column":10},"end":{"line":76,"column":5}},"18":{"start":{"line":72,"column":6},"end":{"line":72,"column":86}},"19":{"start":{"line":74,"column":6},"end":{"line":74,"column":61}},"20":{"start":{"line":75,"column":6},"end":{"line":75,"column":59}},"21":{"start":{"line":80,"column":2},"end":{"line":80,"column":25}},"22":{"start":{"line":84,"column":2},"end":{"line":84,"column":39}},"23":{"start":{"line":87,"column":2},"end":{"line":87,"column":64}},"24":{"start":{"line":88,"column":2},"end":{"line":88,"column":46}},"25":{"start":{"line":92,"column":2},"end":{"line":92,"column":33}},"26":{"start":{"line":93,"column":2},"end":{"line":93,"column":41}},"27":{"start":{"line":95,"column":2},"end":{"line":97,"column":4}},"28":{"start":{"line":99,"column":2},"end":{"line":99,"column":41}}},"fnMap":{"0":{"name":"initialise","decl":{"start":{"line":13,"column":17},"end":{"line":13,"column":27}},"loc":{"start":{"line":13,"column":31},"end":{"line":30,"column":1}},"line":13},"1":{"name":"login","decl":{"start":{"line":32,"column":17},"end":{"line":32,"column":22}},"loc":{"start":{"line":32,"column":32},"end":{"line":81,"column":1}},"line":32},"2":{"name":"loginSuccess","decl":{"start":{"line":83,"column":17},"end":{"line":83,"column":29}},"loc":{"start":{"line":83,"column":33},"end":{"line":89,"column":1}},"line":83},"3":{"name":"logout","decl":{"start":{"line":91,"column":17},"end":{"line":91,"column":23}},"loc":{"start":{"line":91,"column":27},"end":{"line":100,"column":1}},"line":91}},"branchMap":{"0":{"loc":{"start":{"line":20,"column":2},"end":{"line":29,"column":3}},"type":"if","locations":[{"start":{"line":20,"column":2},"end":{"line":29,"column":3}},{"start":{"line":20,"column":2},"end":{"line":29,"column":3}}],"line":20},"1":{"loc":{"start":{"line":62,"column":4},"end":{"line":76,"column":5}},"type":"if","locations":[{"start":{"line":62,"column":4},"end":{"line":76,"column":5}},{"start":{"line":62,"column":4},"end":{"line":76,"column":5}}],"line":62},"2":{"loc":{"start":{"line":65,"column":9},"end":{"line":76,"column":5}},"type":"if","locations":[{"start":{"line":65,"column":9},"end":{"line":76,"column":5}},{"start":{"line":65,"column":9},"end":{"line":76,"column":5}}],"line":65},"3":{"loc":{"start":{"line":65,"column":13},"end":{"line":65,"column":56}},"type":"binary-expr","locations":[{"start":{"line":65,"column":13},"end":{"line":65,"column":25}},{"start":{"line":65,"column":29},"end":{"line":65,"column":56}}],"line":65},"4":{"loc":{"start":{"line":71,"column":10},"end":{"line":76,"column":5}},"type":"if","locations":[{"start":{"line":71,"column":10},"end":{"line":76,"column":5}},{"start":{"line":71,"column":10},"end":{"line":76,"column":5}}],"line":71},"5":{"loc":{"start":{"line":71,"column":14},"end":{"line":71,"column":57}},"type":"binary-expr","locations":[{"start":{"line":71,"column":14},"end":{"line":71,"column":26}},{"start":{"line":71,"column":30},"end":{"line":71,"column":57}}],"line":71}},"s":{"0":1,"1":0,"2":0,"3":0,"4":0,"5":2,"6":2,"7":2,"8":2,"9":2,"10":1,"11":1,"12":1,"13":0,"14":1,"15":0,"16":0,"17":1,"18":0,"19":1,"20":1,"21":2,"22":0,"23":0,"24":0,"25":0,"26":0,"27":0,"28":0},"f":{"0":0,"1":2,"2":0,"3":0},"b":{"0":[0,0],"1":[0,1],"2":[0,1],"3":[1,0],"4":[0,1],"5":[1,0]},"_coverageSchema":"332fd63041d2c1bcb487cc26dd0d5f7d97098a6c","hash":"da77985a319efa3d5364125e08604c74736722cf"}
,"/home/suyog/Projects/ReactNative/ShiftCare/app/selectors/AppSelectors.js": {"path":"/home/suyog/Projects/ReactNative/ShiftCare/app/selectors/AppSelectors.js","statementMap":{"0":{"start":{"line":6,"column":27},"end":{"line":9,"column":1}},"1":{"start":{"line":8,"column":15},"end":{"line":8,"column":26}},"2":{"start":{"line":11,"column":47},"end":{"line":14,"column":1}},"3":{"start":{"line":13,"column":15},"end":{"line":13,"column":25}}},"fnMap":{"0":{"name":"(anonymous_0)","decl":{"start":{"line":8,"column":2},"end":{"line":8,"column":3}},"loc":{"start":{"line":8,"column":15},"end":{"line":8,"column":26}},"line":8},"1":{"name":"(anonymous_1)","decl":{"start":{"line":13,"column":2},"end":{"line":13,"column":3}},"loc":{"start":{"line":13,"column":15},"end":{"line":13,"column":25}},"line":13}},"branchMap":{},"s":{"0":2,"1":0,"2":2,"3":0},"f":{"0":0,"1":0},"b":{},"_coverageSchema":"332fd63041d2c1bcb487cc26dd0d5f7d97098a6c","hash":"09d00f02bc32c08227577f8fcbd55aa00f9b0cbb"}
,"/home/suyog/Projects/ReactNative/ShiftCare/app/selectors/ShiftSelectors.js": {"path":"/home/suyog/Projects/ReactNative/ShiftCare/app/selectors/ShiftSelectors.js","statementMap":{"0":{"start":{"line":5,"column":27},"end":{"line":5,"column":40}},"1":{"start":{"line":5,"column":32},"end":{"line":5,"column":40}},"2":{"start":{"line":7,"column":35},"end":{"line":19,"column":1}},"3":{"start":{"line":9,"column":14},"end":{"line":18,"column":8}},"4":{"start":{"line":10,"column":22},"end":{"line":10,"column":77}},"5":{"start":{"line":11,"column":19},"end":{"line":11,"column":22}},"6":{"start":{"line":12,"column":4},"end":{"line":16,"column":5}},"7":{"start":{"line":13,"column":6},"end":{"line":13,"column":41}},"8":{"start":{"line":15,"column":6},"end":{"line":15,"column":47}},"9":{"start":{"line":17,"column":4},"end":{"line":17,"column":17}},"10":{"start":{"line":21,"column":22},"end":{"line":24,"column":1}},"11":{"start":{"line":23,"column":15},"end":{"line":23,"column":34}},"12":{"start":{"line":26,"column":25},"end":{"line":26,"column":53}},"13":{"start":{"line":26,"column":30},"end":{"line":26,"column":53}}},"fnMap":{"0":{"name":"(anonymous_0)","decl":{"start":{"line":5,"column":27},"end":{"line":5,"column":28}},"loc":{"start":{"line":5,"column":32},"end":{"line":5,"column":40}},"line":5},"1":{"name":"(anonymous_1)","decl":{"start":{"line":9,"column":2},"end":{"line":9,"column":3}},"loc":{"start":{"line":9,"column":14},"end":{"line":18,"column":8}},"line":9},"2":{"name":"(anonymous_2)","decl":{"start":{"line":9,"column":31},"end":{"line":9,"column":32}},"loc":{"start":{"line":9,"column":47},"end":{"line":18,"column":3}},"line":9},"3":{"name":"(anonymous_3)","decl":{"start":{"line":23,"column":2},"end":{"line":23,"column":3}},"loc":{"start":{"line":23,"column":15},"end":{"line":23,"column":34}},"line":23},"4":{"name":"(anonymous_4)","decl":{"start":{"line":26,"column":25},"end":{"line":26,"column":26}},"loc":{"start":{"line":26,"column":30},"end":{"line":26,"column":53}},"line":26}},"branchMap":{"0":{"loc":{"start":{"line":12,"column":4},"end":{"line":16,"column":5}},"type":"if","locations":[{"start":{"line":12,"column":4},"end":{"line":16,"column":5}},{"start":{"line":12,"column":4},"end":{"line":16,"column":5}}],"line":12}},"s":{"0":3,"1":1,"2":3,"3":1,"4":4,"5":4,"6":4,"7":2,"8":2,"9":4,"10":3,"11":0,"12":3,"13":0},"f":{"0":1,"1":1,"2":4,"3":0,"4":0},"b":{"0":[2,2]},"_coverageSchema":"332fd63041d2c1bcb487cc26dd0d5f7d97098a6c","hash":"45026ef14c0a337640566a2759eeb993fba8e995"}
,"/home/suyog/Projects/ReactNative/ShiftCare/app/selectors/UserSelectors.js": {"path":"/home/suyog/Projects/ReactNative/ShiftCare/app/selectors/UserSelectors.js","statementMap":{"0":{"start":{"line":5,"column":22},"end":{"line":5,"column":40}},"1":{"start":{"line":5,"column":27},"end":{"line":5,"column":40}},"2":{"start":{"line":6,"column":21},"end":{"line":6,"column":38}},"3":{"start":{"line":6,"column":26},"end":{"line":6,"column":38}},"4":{"start":{"line":7,"column":18},"end":{"line":7,"column":32}},"5":{"start":{"line":7,"column":23},"end":{"line":7,"column":32}},"6":{"start":{"line":8,"column":21},"end":{"line":8,"column":38}},"7":{"start":{"line":8,"column":26},"end":{"line":8,"column":38}},"8":{"start":{"line":9,"column":20},"end":{"line":9,"column":36}},"9":{"start":{"line":9,"column":25},"end":{"line":9,"column":36}},"10":{"start":{"line":10,"column":22},"end":{"line":10,"column":40}},"11":{"start":{"line":10,"column":27},"end":{"line":10,"column":40}},"12":{"start":{"line":13,"column":29},"end":{"line":16,"column":1}},"13":{"start":{"line":15,"column":14},"end":{"line":15,"column":30}},"14":{"start":{"line":17,"column":25},"end":{"line":17,"column":46}},"15":{"start":{"line":17,"column":30},"end":{"line":17,"column":46}},"16":{"start":{"line":18,"column":27},"end":{"line":18,"column":50}},"17":{"start":{"line":18,"column":32},"end":{"line":18,"column":50}},"18":{"start":{"line":19,"column":27},"end":{"line":19,"column":52}},"19":{"start":{"line":19,"column":32},"end":{"line":19,"column":52}},"20":{"start":{"line":20,"column":29},"end":{"line":27,"column":1}},"21":{"start":{"line":24,"column":4},"end":{"line":25,"column":47}}},"fnMap":{"0":{"name":"(anonymous_0)","decl":{"start":{"line":5,"column":22},"end":{"line":5,"column":23}},"loc":{"start":{"line":5,"column":27},"end":{"line":5,"column":40}},"line":5},"1":{"name":"(anonymous_1)","decl":{"start":{"line":6,"column":21},"end":{"line":6,"column":22}},"loc":{"start":{"line":6,"column":26},"end":{"line":6,"column":38}},"line":6},"2":{"name":"(anonymous_2)","decl":{"start":{"line":7,"column":18},"end":{"line":7,"column":19}},"loc":{"start":{"line":7,"column":23},"end":{"line":7,"column":32}},"line":7},"3":{"name":"(anonymous_3)","decl":{"start":{"line":8,"column":21},"end":{"line":8,"column":22}},"loc":{"start":{"line":8,"column":26},"end":{"line":8,"column":38}},"line":8},"4":{"name":"(anonymous_4)","decl":{"start":{"line":9,"column":20},"end":{"line":9,"column":21}},"loc":{"start":{"line":9,"column":25},"end":{"line":9,"column":36}},"line":9},"5":{"name":"(anonymous_5)","decl":{"start":{"line":10,"column":22},"end":{"line":10,"column":23}},"loc":{"start":{"line":10,"column":27},"end":{"line":10,"column":40}},"line":10},"6":{"name":"(anonymous_6)","decl":{"start":{"line":15,"column":2},"end":{"line":15,"column":3}},"loc":{"start":{"line":15,"column":14},"end":{"line":15,"column":30}},"line":15},"7":{"name":"(anonymous_7)","decl":{"start":{"line":17,"column":25},"end":{"line":17,"column":26}},"loc":{"start":{"line":17,"column":30},"end":{"line":17,"column":46}},"line":17},"8":{"name":"(anonymous_8)","decl":{"start":{"line":18,"column":27},"end":{"line":18,"column":28}},"loc":{"start":{"line":18,"column":32},"end":{"line":18,"column":50}},"line":18},"9":{"name":"(anonymous_9)","decl":{"start":{"line":19,"column":27},"end":{"line":19,"column":28}},"loc":{"start":{"line":19,"column":32},"end":{"line":19,"column":52}},"line":19},"10":{"name":"(anonymous_10)","decl":{"start":{"line":23,"column":2},"end":{"line":23,"column":3}},"loc":{"start":{"line":24,"column":4},"end":{"line":25,"column":47}},"line":24}},"branchMap":{},"s":{"0":2,"1":0,"2":2,"3":0,"4":2,"5":0,"6":2,"7":0,"8":2,"9":0,"10":2,"11":0,"12":2,"13":0,"14":2,"15":0,"16":2,"17":0,"18":2,"19":0,"20":2,"21":0},"f":{"0":0,"1":0,"2":0,"3":0,"4":0,"5":0,"6":0,"7":0,"8":0,"9":0,"10":0},"b":{},"_coverageSchema":"332fd63041d2c1bcb487cc26dd0d5f7d97098a6c","hash":"d8f54731c5e6ea94aec70b8c9c3d60e834c00613"}
,"/home/suyog/Projects/ReactNative/ShiftCare/app/selectors/index.js": {"path":"/home/suyog/Projects/ReactNative/ShiftCare/app/selectors/index.js","statementMap":{},"fnMap":{},"branchMap":{},"s":{},"f":{},"b":{},"_coverageSchema":"332fd63041d2c1bcb487cc26dd0d5f7d97098a6c","hash":"e01dd0b076855f99b9d2e1a762835dfc623e5d65"}
,"/home/suyog/Projects/ReactNative/ShiftCare/test/test_config/globalFetch.js": {"path":"/home/suyog/Projects/ReactNative/ShiftCare/test/test_config/globalFetch.js","statementMap":{"0":{"start":{"line":2,"column":0},"end":{"line":2,"column":25}},"1":{"start":{"line":5,"column":0},"end":{"line":9,"column":2}},"2":{"start":{"line":6,"column":2},"end":{"line":8,"column":4}},"3":{"start":{"line":7,"column":10},"end":{"line":7,"column":74}},"4":{"start":{"line":7,"column":39},"end":{"line":7,"column":72}},"5":{"start":{"line":12,"column":0},"end":{"line":16,"column":2}},"6":{"start":{"line":13,"column":2},"end":{"line":15,"column":4}},"7":{"start":{"line":14,"column":10},"end":{"line":14,"column":31}}},"fnMap":{"0":{"name":"(anonymous_0)","decl":{"start":{"line":5,"column":28},"end":{"line":5,"column":29}},"loc":{"start":{"line":5,"column":38},"end":{"line":9,"column":1}},"line":5},"1":{"name":"(anonymous_1)","decl":{"start":{"line":7,"column":4},"end":{"line":7,"column":5}},"loc":{"start":{"line":7,"column":10},"end":{"line":7,"column":74}},"line":7},"2":{"name":"(anonymous_2)","decl":{"start":{"line":7,"column":33},"end":{"line":7,"column":34}},"loc":{"start":{"line":7,"column":39},"end":{"line":7,"column":72}},"line":7},"3":{"name":"(anonymous_3)","decl":{"start":{"line":12,"column":28},"end":{"line":12,"column":29}},"loc":{"start":{"line":12,"column":39},"end":{"line":16,"column":1}},"line":12},"4":{"name":"(anonymous_4)","decl":{"start":{"line":14,"column":4},"end":{"line":14,"column":5}},"loc":{"start":{"line":14,"column":10},"end":{"line":14,"column":31}},"line":14}},"branchMap":{},"s":{"0":8,"1":8,"2":0,"3":0,"4":0,"5":8,"6":0,"7":0},"f":{"0":0,"1":0,"2":0,"3":0,"4":0},"b":{},"_coverageSchema":"332fd63041d2c1bcb487cc26dd0d5f7d97098a6c","hash":"a371b2157d0ed4ef9a6439b3c76858ca0c9e0a73"}
,"/home/suyog/Projects/ReactNative/ShiftCare/test/test_config/test-setup.js": {"path":"/home/suyog/Projects/ReactNative/ShiftCare/test/test_config/test-setup.js","statementMap":{"0":{"start":{"line":3,"column":14},"end":{"line":3,"column":30}},"1":{"start":{"line":4,"column":18},"end":{"line":4,"column":23}},"2":{"start":{"line":6,"column":21},"end":{"line":6,"column":43}},"3":{"start":{"line":7,"column":0},"end":{"line":7,"column":27}},"4":{"start":{"line":8,"column":0},"end":{"line":8,"column":37}},"5":{"start":{"line":9,"column":1},"end":{"line":13,"column":4}},"6":{"start":{"line":10,"column":3},"end":{"line":12,"column":4}},"7":{"start":{"line":11,"column":5},"end":{"line":11,"column":55}}},"fnMap":{"0":{"name":"(anonymous_0)","decl":{"start":{"line":9,"column":43},"end":{"line":9,"column":44}},"loc":{"start":{"line":9,"column":57},"end":{"line":13,"column":2}},"line":9}},"branchMap":{"0":{"loc":{"start":{"line":10,"column":3},"end":{"line":12,"column":4}},"type":"if","locations":[{"start":{"line":10,"column":3},"end":{"line":12,"column":4}},{"start":{"line":10,"column":3},"end":{"line":12,"column":4}}],"line":10}},"s":{"0":8,"1":8,"2":8,"3":8,"4":8,"5":8,"6":648,"7":512},"f":{"0":648},"b":{"0":[512,136]},"_coverageSchema":"332fd63041d2c1bcb487cc26dd0d5f7d97098a6c","hash":"7786fc800ba5256ab3f06c7b73833b54295c2194"}
}
