TN:
SF:/home/suyog/Projects/ReactNative/ShiftCare/app/actions/ShiftActions.js
FN:49,(anonymous_0)
FN:60,(anonymous_1)
FN:61,(anonymous_2)
FN:62,(anonymous_3)
FN:70,(anonymous_4)
FN:81,(anonymous_5)
FN:82,(anonymous_6)
FN:83,(anonymous_7)
FN:91,(anonymous_8)
FN:102,(anonymous_9)
FN:103,(anonymous_10)
FN:104,(anonymous_11)
FN:105,(anonymous_12)
FNF:13
FNH:0
FNDA:0,(anonymous_0)
FNDA:0,(anonymous_1)
FNDA:0,(anonymous_2)
FNDA:0,(anonymous_3)
FNDA:0,(anonymous_4)
FNDA:0,(anonymous_5)
FNDA:0,(anonymous_6)
FNDA:0,(anonymous_7)
FNDA:0,(anonymous_8)
FNDA:0,(anonymous_9)
FNDA:0,(anonymous_10)
FNDA:0,(anonymous_11)
FNDA:0,(anonymous_12)
DA:8,3
DA:47,3
DA:49,3
DA:50,0
DA:51,0
DA:52,0
DA:58,3
DA:60,3
DA:61,3
DA:62,3
DA:63,0
DA:68,0
DA:70,3
DA:71,0
DA:79,3
DA:81,3
DA:82,3
DA:83,3
DA:84,0
DA:89,0
DA:91,3
DA:92,0
DA:100,3
DA:102,3
DA:103,3
DA:104,3
DA:105,3
DA:106,0
LF:28
LH:18
BRDA:71,0,0,0
BRDA:71,0,1,0
BRDA:92,1,0,0
BRDA:92,1,1,0
BRDA:106,2,0,0
BRDA:106,2,1,0
BRF:6
BRH:0
end_of_record
TN:
SF:/home/suyog/Projects/ReactNative/ShiftCare/app/actions/UserActions.js
FN:12,(anonymous_0)
FN:21,(anonymous_1)
FN:30,(anonymous_2)
FN:31,(anonymous_3)
FN:33,(anonymous_4)
FN:57,(anonymous_5)
FN:58,(anonymous_6)
FN:59,(anonymous_7)
FN:60,(anonymous_8)
FNF:9
FNH:3
FNDA:0,(anonymous_0)
FNDA:0,(anonymous_1)
FNDA:4,(anonymous_2)
FNDA:4,(anonymous_3)
FNDA:4,(anonymous_4)
FNDA:0,(anonymous_5)
FNDA:0,(anonymous_6)
FNDA:0,(anonymous_7)
FNDA:0,(anonymous_8)
DA:10,4
DA:12,4
DA:13,0
DA:21,4
DA:22,0
DA:30,4
DA:31,4
DA:33,4
DA:34,4
DA:35,4
DA:36,2
DA:39,2
DA:55,4
DA:57,4
DA:58,4
DA:59,4
DA:60,4
LF:17
LH:15
BRDA:35,0,0,2
BRDA:35,0,1,2
BRDA:41,1,0,1
BRDA:41,1,1,1
BRF:4
BRH:4
end_of_record
TN:
SF:/home/suyog/Projects/ReactNative/ShiftCare/app/actions/index.js
FNF:0
FNH:0
LF:0
LH:0
BRF:0
BRH:0
end_of_record
TN:
SF:/home/suyog/Projects/ReactNative/ShiftCare/app/actions/lib.js
FN:2,handleAction
FN:17,handleActionType
FN:18,(anonymous_2)
FNF:3
FNH:3
FNDA:10,handleAction
FNDA:16,handleActionType
FNDA:10,(anonymous_2)
DA:3,10
DA:4,0
DA:7,10
DA:18,16
DA:21,4
DA:22,4
DA:23,4
DA:24,4
DA:25,4
LF:9
LH:8
BRDA:3,0,0,0
BRDA:3,0,1,10
BRDA:8,1,0,10
BRDA:8,1,1,6
BRDA:12,2,0,10
BRDA:12,2,1,8
BRF:6
BRH:5
end_of_record
TN:
SF:/home/suyog/Projects/ReactNative/ShiftCare/app/constants/ActionConstants.js
FNF:0
FNH:0
DA:3,4
DA:4,4
DA:6,4
DA:13,4
LF:4
LH:4
BRF:0
BRH:0
end_of_record
TN:
SF:/home/suyog/Projects/ReactNative/ShiftCare/app/constants/ConfigConstants.js
FNF:0
FNH:0
LF:0
LH:0
BRF:0
BRH:0
end_of_record
TN:
SF:/home/suyog/Projects/ReactNative/ShiftCare/app/constants/NavConstants.js
FNF:0
FNH:0
DA:3,4
DA:4,4
LF:2
LH:2
BRF:0
BRH:0
end_of_record
TN:
SF:/home/suyog/Projects/ReactNative/ShiftCare/app/constants/ThemeConstants.js
FNF:0
FNH:0
DA:4,4
LF:1
LH:1
BRDA:27,0,0,4
BRDA:27,0,1,0
BRDA:28,1,0,4
BRDA:28,1,1,0
BRDA:29,2,0,4
BRDA:29,2,1,0
BRDA:30,3,0,4
BRDA:30,3,1,0
BRDA:31,4,0,4
BRDA:31,4,1,0
BRF:10
BRH:5
end_of_record
TN:
SF:/home/suyog/Projects/ReactNative/ShiftCare/app/constants/index.js
FNF:0
FNH:0
LF:0
LH:0
BRF:0
BRH:0
end_of_record
TN:
SF:/home/suyog/Projects/ReactNative/ShiftCare/app/containers/LoginScene.js
FN:73,(anonymous_0)
FN:83,(anonymous_1)
FN:92,(anonymous_2)
FN:94,(anonymous_3)
FN:98,(anonymous_4)
FN:104,(anonymous_5)
FN:109,(anonymous_6)
FN:112,(anonymous_7)
FN:122,(anonymous_8)
FN:136,(anonymous_9)
FN:138,(anonymous_10)
FN:190,validateEmail
FN:194,validate
FN:202,(anonymous_13)
FNF:14
FNH:9
FNDA:8,(anonymous_0)
FNDA:0,(anonymous_1)
FNDA:0,(anonymous_2)
FNDA:0,(anonymous_3)
FNDA:0,(anonymous_4)
FNDA:3,(anonymous_5)
FNDA:3,(anonymous_6)
FNDA:14,(anonymous_7)
FNDA:14,(anonymous_8)
FNDA:14,(anonymous_9)
FNDA:16,(anonymous_10)
FNDA:4,validateEmail
FNDA:14,validate
FNDA:0,(anonymous_13)
DA:10,2
DA:11,2
DA:69,2
DA:74,8
DA:84,0
DA:85,0
DA:86,0
DA:88,0
DA:89,0
DA:93,0
DA:94,0
DA:95,0
DA:99,0
DA:105,3
DA:110,3
DA:113,14
DA:114,13
DA:116,1
DA:123,14
DA:124,14
DA:127,0
DA:137,14
DA:138,16
DA:139,14
DA:191,4
DA:192,4
DA:196,14
DA:202,2
LF:28
LH:18
BRDA:85,0,0,0
BRDA:85,0,1,0
BRDA:113,1,0,13
BRDA:113,1,1,1
BRDA:123,2,0,14
BRDA:123,2,1,0
BRDA:175,3,0,14
BRDA:175,3,1,13
BRDA:197,4,0,14
BRDA:197,4,1,4
BRF:10
BRH:7
end_of_record
TN:
SF:/home/suyog/Projects/ReactNative/ShiftCare/app/lib/KeyValueStore.js
FN:16,(anonymous_0)
FN:29,(anonymous_1)
FN:34,(anonymous_2)
FN:46,(anonymous_3)
FN:57,(anonymous_4)
FNF:5
FNH:2
FNDA:2,(anonymous_0)
FNDA:2,(anonymous_1)
FNDA:0,(anonymous_2)
FNDA:0,(anonymous_3)
FNDA:0,(anonymous_4)
DA:11,2
DA:17,2
DA:18,2
DA:20,2
DA:29,2
DA:35,0
DA:36,0
DA:37,0
DA:38,0
DA:39,0
DA:41,0
DA:42,0
DA:47,0
DA:48,0
DA:49,0
DA:50,0
DA:52,0
DA:53,0
DA:58,0
DA:59,0
DA:60,0
DA:62,0
DA:63,0
LF:23
LH:5
BRDA:17,0,0,2
BRDA:17,0,1,0
BRDA:29,1,0,0
BRDA:29,1,1,2
BRF:4
BRH:2
end_of_record
TN:
SF:/home/suyog/Projects/ReactNative/ShiftCare/app/lib/Logger.js
FN:6,(anonymous_0)
FN:8,(anonymous_1)
FN:10,(anonymous_2)
FN:11,(anonymous_3)
FN:12,(anonymous_4)
FN:13,(anonymous_5)
FNF:6
FNH:3
FNDA:0,(anonymous_0)
FNDA:4,(anonymous_1)
FNDA:0,(anonymous_2)
FNDA:2,(anonymous_3)
FNDA:1,(anonymous_4)
FNDA:0,(anonymous_5)
DA:3,5
DA:5,5
DA:6,0
DA:8,5
DA:10,5
DA:11,5
DA:12,5
DA:13,5
LF:8
LH:7
BRDA:5,0,0,0
BRDA:5,0,1,5
BRF:2
BRH:1
end_of_record
TN:
SF:/home/suyog/Projects/ReactNative/ShiftCare/app/lib/fetchJSON.js
FN:6,fetchJSON
FN:72,getJSON
FN:79,patchJSON
FN:86,postJSON
FN:93,putJSON
FNF:5
FNH:0
FNDA:0,fetchJSON
FNDA:0,getJSON
FNDA:0,patchJSON
FNDA:0,postJSON
FNDA:0,putJSON
DA:6,1
DA:14,0
DA:15,0
DA:22,0
DA:32,0
DA:33,0
DA:34,0
DA:35,0
DA:37,0
DA:41,0
DA:42,0
DA:43,0
DA:44,0
DA:48,0
DA:49,0
DA:50,0
DA:51,0
DA:52,0
DA:55,0
DA:56,0
DA:57,0
DA:59,0
DA:60,0
DA:63,0
DA:64,0
DA:65,0
DA:67,0
DA:68,0
DA:72,1
DA:73,0
DA:79,1
DA:80,0
DA:86,1
DA:87,0
DA:93,1
DA:94,0
LF:36
LH:5
BRDA:6,0,0,0
BRDA:7,1,0,0
BRDA:8,2,0,0
BRDA:9,3,0,0
BRDA:10,4,0,0
BRDA:32,5,0,0
BRDA:32,5,1,0
BRDA:34,6,0,0
BRDA:34,6,1,0
BRDA:41,7,0,0
BRDA:41,7,1,0
BRDA:43,8,0,0
BRDA:43,8,1,0
BRDA:49,9,0,0
BRDA:49,9,1,0
BRDA:49,10,0,0
BRDA:49,10,1,0
BRDA:56,11,0,0
BRDA:56,11,1,0
BRDA:59,12,0,0
BRDA:59,12,1,0
BRF:21
BRH:0
end_of_record
TN:
SF:/home/suyog/Projects/ReactNative/ShiftCare/app/sagas/UserSagas.js
FN:13,initialise
FN:32,login
FN:83,loginSuccess
FN:91,logout
FNF:4
FNH:1
FNDA:0,initialise
FNDA:2,login
FNDA:0,loginSuccess
FNDA:0,logout
DA:11,1
DA:14,0
DA:16,0
DA:20,0
DA:21,0
DA:33,2
DA:36,2
DA:38,2
DA:39,2
DA:40,2
DA:46,1
DA:56,1
DA:62,1
DA:63,0
DA:65,1
DA:66,0
DA:68,0
DA:71,1
DA:72,0
DA:74,1
DA:75,1
DA:80,2
DA:84,0
DA:87,0
DA:88,0
DA:92,0
DA:93,0
DA:95,0
DA:99,0
LF:29
LH:14
BRDA:20,0,0,0
BRDA:20,0,1,0
BRDA:62,1,0,0
BRDA:62,1,1,1
BRDA:65,2,0,0
BRDA:65,2,1,1
BRDA:65,3,0,1
BRDA:65,3,1,0
BRDA:71,4,0,0
BRDA:71,4,1,1
BRDA:71,5,0,1
BRDA:71,5,1,0
BRF:12
BRH:5
end_of_record
TN:
SF:/home/suyog/Projects/ReactNative/ShiftCare/app/selectors/AppSelectors.js
FN:8,(anonymous_0)
FN:13,(anonymous_1)
FNF:2
FNH:0
FNDA:0,(anonymous_0)
FNDA:0,(anonymous_1)
DA:6,2
DA:8,0
DA:11,2
DA:13,0
LF:4
LH:2
BRF:0
BRH:0
end_of_record
TN:
SF:/home/suyog/Projects/ReactNative/ShiftCare/app/selectors/ShiftSelectors.js
FN:5,(anonymous_0)
FN:9,(anonymous_1)
FN:9,(anonymous_2)
FN:23,(anonymous_3)
FN:26,(anonymous_4)
FNF:5
FNH:3
FNDA:1,(anonymous_0)
FNDA:1,(anonymous_1)
FNDA:4,(anonymous_2)
FNDA:0,(anonymous_3)
FNDA:0,(anonymous_4)
DA:5,3
DA:7,3
DA:9,1
DA:10,4
DA:11,4
DA:12,4
DA:13,2
DA:15,2
DA:17,4
DA:21,3
DA:23,0
DA:26,3
LF:12
LH:11
BRDA:12,0,0,2
BRDA:12,0,1,2
BRF:2
BRH:2
end_of_record
TN:
SF:/home/suyog/Projects/ReactNative/ShiftCare/app/selectors/UserSelectors.js
FN:5,(anonymous_0)
FN:6,(anonymous_1)
FN:7,(anonymous_2)
FN:8,(anonymous_3)
FN:9,(anonymous_4)
FN:10,(anonymous_5)
FN:15,(anonymous_6)
FN:17,(anonymous_7)
FN:18,(anonymous_8)
FN:19,(anonymous_9)
FN:23,(anonymous_10)
FNF:11
FNH:0
FNDA:0,(anonymous_0)
FNDA:0,(anonymous_1)
FNDA:0,(anonymous_2)
FNDA:0,(anonymous_3)
FNDA:0,(anonymous_4)
FNDA:0,(anonymous_5)
FNDA:0,(anonymous_6)
FNDA:0,(anonymous_7)
FNDA:0,(anonymous_8)
FNDA:0,(anonymous_9)
FNDA:0,(anonymous_10)
DA:5,2
DA:6,2
DA:7,2
DA:8,2
DA:9,2
DA:10,2
DA:13,2
DA:15,0
DA:17,2
DA:18,2
DA:19,2
DA:20,2
DA:24,0
LF:13
LH:11
BRF:0
BRH:0
end_of_record
TN:
SF:/home/suyog/Projects/ReactNative/ShiftCare/app/selectors/index.js
FNF:0
FNH:0
LF:0
LH:0
BRF:0
BRH:0
end_of_record
TN:
SF:/home/suyog/Projects/ReactNative/ShiftCare/test/test_config/globalFetch.js
FN:5,(anonymous_0)
FN:7,(anonymous_1)
FN:7,(anonymous_2)
FN:12,(anonymous_3)
FN:14,(anonymous_4)
FNF:5
FNH:0
FNDA:0,(anonymous_0)
FNDA:0,(anonymous_1)
FNDA:0,(anonymous_2)
FNDA:0,(anonymous_3)
FNDA:0,(anonymous_4)
DA:2,8
DA:5,8
DA:6,0
DA:7,0
DA:12,8
DA:13,0
DA:14,0
LF:7
LH:3
BRF:0
BRH:0
end_of_record
TN:
SF:/home/suyog/Projects/ReactNative/ShiftCare/test/test_config/test-setup.js
FN:9,(anonymous_0)
FNF:1
FNH:1
FNDA:648,(anonymous_0)
DA:3,8
DA:4,8
DA:6,8
DA:7,8
DA:8,8
DA:9,8
DA:10,648
DA:11,512
LF:8
LH:8
BRDA:10,0,0,512
BRDA:10,0,1,136
BRF:2
BRH:2
end_of_record
